<?xml version="1.0" encoding="UTF-8"?>
<testng-results ignored="0" total="1" passed="1" failed="0" skipped="0">
  <reporter-output>
  </reporter-output>
  <suite started-at="2024-02-13T21:09:37 CST" name="Default suite" finished-at="2024-02-13T21:09:52 CST" duration-ms="15241">
    <groups>
    </groups>
    <test started-at="2024-02-13T21:09:37 CST" name="Default test" finished-at="2024-02-13T21:09:52 CST" duration-ms="15241">
      <class name="test.LoginTest">
        <test-method signature="validUserShouldBeAbleToLogin()[pri:0, instance:test.LoginTest@4733f6f5]" started-at="2024-02-13T21:09:37 CST" name="validUserShouldBeAbleToLogin" finished-at="2024-02-13T21:09:52 CST" duration-ms="15104" status="PASS">
          <reporter-output>
          </reporter-output>
        </test-method> <!-- validUserShouldBeAbleToLogin -->
      </class> <!-- test.LoginTest -->
    </test> <!-- Default test -->
  </suite> <!-- Default suite -->
</testng-results>
